threadID,sectionID,event,val,ts,ticket
id_140640893953856,main,BEGIN_FUNC_PROC,0,1571314605769392350,1
id_140640893953856,s1,WAIT,0,1571314605769476191,2
id_140640893953856,s2,WAIT,1,1571314605769482920,3
id_140640893953856,s1,SIGNAL,1,1571314605769577769,4
id_140640893953856,s2,WAIT,0,1571314605769581786,5
id_140640893953856,s1,SIGNAL,2,1571314605769586475,6
id_140640893953856,s2,SIGNAL,1,1571314605769589670,7
id_140640893953856,s1,WAIT,1,1571314605769617177,8
id_140640893953856,s2,WAIT,0,1571314605769618744,9
id_140640893953856,s1,SIGNAL,2,1571314605769705390,10
id_140640893953856,s2,SIGNAL,1,1571314605769715428,11
id_140640893953856,s1,WAIT,1,1571314605769718649,12
id_140640893953856,s2,SIGNAL,2,1571314605769726533,13
id_140640893953856,s1,WAIT,0,1571314605769728773,14
id_140640893953856,s2,SIGNAL,3,1571314605769733601,15
id_140640893953856,s2,WAIT,2,1571314605769741830,16
id_140640893953856,s1,SIGNAL,1,1571314605769749529,17
id_140640893953856,s2,WAIT,1,1571314605769751742,18
id_140640893953856,s1,SIGNAL,2,1571314605769757777,19
id_140640893953856,s2,WAIT,0,1571314605769764063,20
id_140640893953856,s1,WAIT,1,1571314605769766747,21
id_140640893953856,s1,SIGNAL,2,1571314605769782594,22
id_140640893953856,s2,SIGNAL,1,1571314605769793968,23
id_140640893953856,s1,WAIT,1,1571314605769801660,24
id_140640893953856,s2,WAIT,0,1571314605769803272,25
id_140640893953856,s2,SIGNAL,1,1571314605769808802,26
id_140640893953856,s1,SIGNAL,2,1571314605769811668,27
id_140640893953856,s2,WAIT,0,1571314605769823591,28
id_140640893953856,s1,WAIT,1,1571314605769828529,29
id_140640893953856,s1,SIGNAL,2,1571314605769835924,30
id_140640893953856,s2,SIGNAL,1,1571314605769838048,31
id_140640893953856,s1,WAIT,1,1571314605769844663,32
id_140640893953856,s2,WAIT,0,1571314605769846190,33
id_140640893953856,s1,SIGNAL,2,1571314605769856656,34
id_140640893953856,s2,SIGNAL,1,1571314605769857571,35
id_140640893953856,s1,WAIT,1,1571314605769870458,36
id_140640893953856,s2,SIGNAL,2,1571314605769876245,37
id_140640893953856,s1,WAIT,0,1571314605769878671,38
id_140640893953856,s2,WAIT,1,1571314605769881864,39
id_140640893953856,s2,SIGNAL,2,1571314605769891121,40
id_140640893953856,s1,SIGNAL,1,1571314605769892150,41
id_140640893953856,s2,WAIT,1,1571314605769981591,42
id_140640893953856,s3,WAIT,1,1571314605769990445,43
id_140640893953856,s3,SIGNAL,2,1571314605770010553,44
id_140640893953856,s2,WAIT,0,1571314605770015203,45
id_140640893953856,s2,SIGNAL,1,1571314605770023645,46
id_140640893953856,s3,SIGNAL,3,1571314605770024818,47
id_140640893953856,s2,WAIT,0,1571314605770036846,48
id_140640893953856,s3,SIGNAL,4,1571314605770042237,49
id_140640893953856,s3,WAIT,3,1571314605770050175,50
id_140640893953856,s2,SIGNAL,1,1571314605770062329,51
id_140640893953856,s3,WAIT,2,1571314605770064738,52
id_140640893953856,s2,WAIT,0,1571314605770065458,53
id_140640893953856,s2,SIGNAL,1,1571314605770077388,54
id_140640893953856,s3,SIGNAL,3,1571314605770078886,55
id_140640893953856,s2,WAIT,0,1571314605770088511,56
id_140640893953856,s3,WAIT,2,1571314605770090074,57
id_140640893953856,s3,SIGNAL,3,1571314605770094771,58
id_140640893953856,s2,SIGNAL,1,1571314605770101377,59
id_140640893953856,s3,WAIT,2,1571314605770103849,60
id_140640893953856,s2,WAIT,0,1571314605770104130,61
id_140640893953856,s2,SIGNAL,1,1571314605770118427,62
id_140640893953856,s3,SIGNAL,3,1571314605770118774,63
id_140640893953856,s2,WAIT,0,1571314605770129745,64
id_140640893953856,s3,WAIT,2,1571314605770131553,65
id_140640893953856,s3,SIGNAL,3,1571314605770135992,66
id_140640893953856,s2,SIGNAL,1,1571314605770142420,67
id_140640893953856,s3,WAIT,2,1571314605770147238,68
id_140640893953856,s2,WAIT,0,1571314605770148409,69
id_140640893953856,s2,SIGNAL,1,1571314605770159386,70
id_140640893953856,s3,SIGNAL,3,1571314605770160662,71
id_140640893953856,s2,WAIT,0,1571314605770170190,72
id_140640893953856,s3,WAIT,2,1571314605770171872,73
id_140640893953856,s3,SIGNAL,3,1571314605770176439,74
id_140640893953856,s2,SIGNAL,1,1571314605770184299,75
id_140640893953856,s3,WAIT,2,1571314605770186755,76
id_140640893953856,s2,WAIT,0,1571314605770187062,77
id_140640893953856,s2,SIGNAL,1,1571314605770199247,78
id_140640893953856,s3,SIGNAL,3,1571314605770201220,79
id_140640893953856,s3,WAIT,2,1571314605770209175,80
id_140640893953856,s2,SIGNAL,2,1571314605770219328,81
id_140640893953856,NO_INFO,WAIT,0,1571314605770265642,82
id_140640893953856,r_1,SIGNAL,1,1571314605770278284,83
id_140640893953856,r_1,WAIT,0,1571314605770317579,84
id_140640893953856,NO_INFO,SIGNAL,1,1571314605770331751,85
id_140640893953856,NO_INFO,WAIT,0,1571314605770339280,86
id_140640893953856,r_1,SIGNAL,1,1571314605770347926,87
id_140640893953856,r_1,WAIT,0,1571314605770350813,88
id_140640893953856,NO_INFO,SIGNAL,1,1571314605770359278,89
id_140640893953856,NO_INFO,WAIT,0,1571314605770362942,90
id_140640893953856,r_1,SIGNAL,1,1571314605770371181,91
id_140640893953856,r_1,WAIT,0,1571314605770373824,92
id_140640893953856,NO_INFO,SIGNAL,1,1571314605770382769,93
id_140640893953856,NO_INFO,WAIT,0,1571314605770386430,94
id_140640893953856,r_1,SIGNAL,1,1571314605770394010,95
id_140640893953856,r_1,WAIT,0,1571314605770396708,96
id_140640893953856,NO_INFO,SIGNAL,1,1571314605770404688,97
id_140640893953856,NO_INFO,WAIT,0,1571314605770407486,98
id_140640893953856,r_1,SIGNAL,1,1571314605770415037,99
id_140640893953856,r_1,WAIT,0,1571314605770417718,100
id_140640893953856,NO_INFO,SIGNAL,1,1571314605770425645,101
id_140640893953856,NO_INFO,WAIT,0,1571314605770428399,102
id_140640893953856,r_1,SIGNAL,1,1571314605770435979,103
id_140640893953856,r_1,WAIT,0,1571314605770438610,104
id_140640893953856,NO_INFO,SIGNAL,1,1571314605770446978,105
id_140640893953856,NO_INFO,WAIT,0,1571314605770450524,106
id_140640893953856,r_1,SIGNAL,1,1571314605770458250,107
id_140640893953856,r_1,WAIT,0,1571314605770460943,108
id_140640893953856,NO_INFO,SIGNAL,1,1571314605770468801,109
id_140640893953856,NO_INFO,WAIT,0,1571314605770471539,110
id_140640893953856,r_1,SIGNAL,1,1571314605770479016,111
id_140640893953856,r_1,WAIT,0,1571314605770488898,112
id_140640893953856,NO_INFO,SIGNAL,1,1571314605770497518,113
id_140640893953856,NO_INFO,WAIT,0,1571314605770500328,114
id_140640893953856,r_1,SIGNAL,1,1571314605770508213,115
id_140640893953856,r_1,WAIT,0,1571314605770510925,116
id_140640893953856,NO_INFO,SIGNAL,1,1571314605770518741,117
id_140640893953856,NO_INFO,WAIT,0,1571314605770521556,118
id_140640893953856,r_1,SIGNAL,1,1571314605770529676,119
id_140640893953856,r_1,WAIT,0,1571314605770532368,120
id_140640893953856,NO_INFO,SIGNAL,1,1571314605770543991,121
id_140640893953856,sExt,WAIT,4,1571314605770591420,122
id_140640893953856,sExt,SIGNAL,7,1571314605770601257,123
id_140640893953856,sExt,SIGNAL,9,1571314605770606726,124
id_140640893953856,main,END_FUNC_PROC,0,1571314605770626499,125
